0:100  0:100  MemLog inited, TSC freq: 2394563344
0:100  0:000  CPU was calibrated with ACPI PM Timer
0:100  0:000  
0:100  0:000  Now is 16.7.2019,  18:34:46 (GMT)
0:100  0:000  Starting Clover revision: 4798 on INSYDE Corp. EFI
0:100  0:000  Build with: [Args: -nb -mc --no-usb -D NO_GRUB_DRIVERS_EMBEDDED | -D DISABLE_USB_SUPPORT -D NO_GRUB_DRIVERS_EMBEDDED -D USE_BIOS_BLOCKIO -D USE_LOW_EBDA -a X64 -b RELEASE -t XCODE8 -n 5 | OS: 10.13.6 | XCODE: 10.1]
0:100  0:000  SelfDevicePath=PciRoot(0x0)\Pci(0x1F,0x2)\Sata(0x0,0x0,0x0)\HD(1,GPT,4229A789-5588-400D-845E-CECDBA69B9F3,0x28,0x64000) @A8845398
0:100  0:000  SelfDirPath = \EFI\BOOT
0:101  0:001  === [ Get Smbios ] ========================================
0:122  0:020  Type 16 Index = 0
0:122  0:000  Total Memory Slots Count = 2
0:122  0:000  Type 17 Index = 0
0:122  0:000  Ignoring insane frequency value 20307MHz
0:122  0:000  SmbiosTable.Type17->Speed = 0MHz
0:122  0:000  SmbiosTable.Type17->Size = 4096MB
0:122  0:000  SmbiosTable.Type17->Bank/Device = Bank 0 SODIMM1
0:122  0:000  SmbiosTable.Type17->Vendor = 
0:122  0:000  SmbiosTable.Type17->SerialNumber = 
0:122  0:000  SmbiosTable.Type17->PartNumber = 
0:122  0:000  Type 17 Index = 1
0:122  0:000  Ignoring insane frequency value 20307MHz
0:122  0:000  SmbiosTable.Type17->Speed = 0MHz
0:122  0:000  SmbiosTable.Type17->Size = 4096MB
0:122  0:000  SmbiosTable.Type17->Bank/Device = Bank 1 SODIMM2
0:122  0:000  SmbiosTable.Type17->Vendor = 
0:122  0:000  SmbiosTable.Type17->SerialNumber = 
0:122  0:000  SmbiosTable.Type17->PartNumber = 
0:122  0:000  Boot status=0
0:122  0:000  Running on: 'SVE15124CXP' with board 'VAIO'
0:122  0:000  === [ GetCPUProperties ] ==================================
0:122  0:000  CPU Vendor = 756E6547 Model=306A9
0:122  0:000   The CPU supported SSE4.1
0:122  0:000  BrandString = Intel(R) Core(TM) i3-3110M CPU @ 2.40GHz
0:122  0:000   The CPU not supported turbo
0:122  0:000  MSR 0x35               20004
0:122  0:000  MSR 0xE2 before patch 1E008404
0:122  0:000  MSR 0xE2 is locked, PM patches will be turned on
0:122  0:000  MSR 0xCE              00080C10_E0011800
0:122  0:000  corrected FLEX_RATIO = 100000
0:122  0:000  MSR 0x1B0             00000000
0:122  0:000  FSBFrequency = 100 MHz, DMI FSBFrequency = 100 MHz, Corrected FSBFrequency = 100 MHz
0:122  0:000  MaxDiv/MinDiv: 24.0/12
0:122  0:000  Turbo: 24/24/24/24
0:122  0:000  Features: 0xBFEBFBFF
0:122  0:000  Threads: 4
0:122  0:000  Cores: 2
0:122  0:000  FSB: 100 MHz
0:122  0:000  CPU: 2400 MHz
0:122  0:000  TSC: 2400 MHz
0:122  0:000  PIS: 100 MHz
0:122  0:000  ExternalClock: 25 MHz
0:122  0:000  === [ GetDevices ] ========================================
0:122  0:000  PCI (00|00:00.00) : 8086 0154 class=060000
0:122  0:000  PCI (00|00:02.00) : 8086 0166 class=030000
0:122  0:000   - GFX: Model=Intel HD Graphics 4000 (Intel)
0:122  0:000  PCI (00|00:14.00) : 8086 1E31 class=0C0330
0:122  0:000  PCI (00|00:16.00) : 8086 1E3A class=078000
0:122  0:000  PCI (00|00:1A.00) : 8086 1E2D class=0C0320
0:122  0:000  PCI (00|00:1B.00) : 8086 1E20 class=040300
0:122  0:000  PCI (00|00:1C.00) : 8086 1E10 class=060400
0:122  0:000  PCI (00|01:00.00) : 168C 0032 class=028000
0:122  0:000   - WIFI: Vendor=Atheros
0:122  0:000  PCI (00|00:1C.01) : 8086 1E12 class=060400
0:122  0:000  PCI (00|02:00.00) : 10EC 5209 class=FF0000
0:122  0:000  PCI (00|00:1C.02) : 8086 1E14 class=060400
0:122  0:000  PCI (00|03:00.00) : 10EC 8168 class=020000
0:122  0:000   - LAN: 0 Vendor=Realtek
0:122  0:000  PCI (00|00:1D.00) : 8086 1E26 class=0C0320
0:122  0:000  PCI (00|00:1F.00) : 8086 1E59 class=060100
0:122  0:000  PCI (00|00:1F.02) : 8086 1E03 class=010601
0:122  0:000  PCI (00|00:1F.03) : 8086 1E22 class=0C0500
0:122  0:000  PCI (00|00:1F.06) : FFFF FFFF class=FFFFFF
0:122  0:000  === [ GetDefaultSettings ] ================================
0:122  0:000  Clover load options size = 2 bytes
0:125  0:002  EFI\CLOVER\R.plist not loaded with name from LoadOptions: Not Found
0:127  0:001  EFI\CLOVER\config.plist loaded: Success
0:147  0:020  === [ GetListOfThemes ] ===================================
0:149  0:001  - [00]: hackintoshzone
0:151  0:002  - [01]: minimal
0:153  0:001  === [ Found config plists ] ===============================
0:154  0:000  - config8.plist
0:154  0:000  - config.plist
0:154  0:000  - config_hackintoshzone.plist
0:154  0:000  - config_hz.plist
0:154  0:000  - config-oldw.plist
0:154  0:000  - config2.plist
0:154  0:000  === [ GetEarlyUserSettings ] ==============================
0:154  0:000  timeout set to 5
0:154  0:000  Custom boot CUSTOM_BOOT_DISABLED (0x0)
0:154  0:000  ForceKextsToLoad: 1 requested
0:154  0:000   - [0]: System\Library\Extensions\IONetworkingFamily.kext
0:154  0:000  KextsToPatch: 7 requested
0:154  0:000   - [00]: IOAHCIBlockStorage (Enable TRIM for SSD) :: BinPatch :: data len: 11
0:154  0:000   - [01]: IOGraphicsFamily (Boot graphics glitch, 10.10.2/10.10.3) :: BinPatch :: data len: 5
0:154  0:000   - [02]: IOGraphicsFamily (Boot graphics glitch, 10.10.x/10.11.x (credit lisai9093, cecekpawon)) :: BinPatch :: data len: 5
0:154  0:000   - [03]: com.apple.driver.AppleIntelFramebufferCapri (HDMI-audio HD4000 0x01660003, port 0304) :: BinPatch :: data len: 12
0:154  0:000   - [04]: com.apple.driver.AppleIntelFramebufferCapri (HDMI-audio HD4000 0x01660003, port 0205) :: BinPatch :: data len: 12
0:154  0:000   - [05]: com.apple.driver.AppleIntelFramebufferCapri (HDMI-audio HD4000 0x01660003, port 0406) :: BinPatch :: data len: 12
0:154  0:000   - [06]: com.apple.driver.AppleBacklight (change F%uT%04x to F%uTxxxx in AppleBacklightInjector.kext (credit RehabMan)) :: BinPatch :: data len: 9
0:154  0:000  Default theme: embedded
0:154  0:000  ** Warning: unknown custom entry Type 'Other'
0:154  0:000  === [ LoadDrivers ] =======================================
0:156  0:001  Loading ApfsDriverLoader-64.efi  status=Success
0:157  0:001   - driver needs connecting
0:157  0:000  Loading AptioMemoryFix-64.efi  status=Success
0:159  0:002  Loading DataHubDxe-64.efi  status=Success
0:160  0:001  Loading EmuVariableUefi-64.efi  status=Success
0:161  0:000  EmuVariableUefi Initialize: VariableCommonInitialize = Success, orig services stored, install gEmuVariableControlProtocolGuid = Success
0:161  0:000  Loading FSInject-64.efi  status=Success
0:162  0:001  Loading HFSPlus.efi  status=Success
0:162  0:000   - driver needs connecting
0:162  0:000  Loading PartitionDxe-64.efi  status=Success
0:162  0:000   - driver needs connecting
0:162  0:000  Loading SMCHelper-64.efi  status=Success
0:164  0:001  Loading UsbKbDxe-64.efi  status=Success
0:164  0:000   - driver needs connecting
0:164  0:000  Loading UsbMouseDxe-64.efi  status=Success
0:164  0:000   - driver needs connecting
0:164  0:000  5 drivers needs connecting ...
0:164  0:000  PlatformDriverOverrideProtocol not found. Installing ... Success
0:164  0:000  Partition driver loaded: CD disconnect Success
0:164  0:000  HFS+ driver loaded
0:164  0:000  APFS driver loaded
0:164  0:000  Searching for invalid DiskIo BY_DRIVER connects: not found, all ok
0:358  0:194  EmuVariable InstallEmulation: orig vars copied, emu.var.services installed, CreateEvent VirtualAddressChange = Success, CreateEvent ExitBootServices = Success, set Status=Success
0:377  0:018  === [ InitScreen ] ========================================
0:377  0:000  SetMaxResolution: found best mode 0: 1366x768
0:377  0:000   - already set
0:377  0:000  Console modes reported: 4, available modes:
0:377  0:000   - [01]: 80x25
0:377  0:000   - [03]: 100x31
0:377  0:000   - [04]: 128x40 (current mode)
0:377  0:000  reinit: self device path=PciRoot(0x0)\Pci(0x1F,0x2)\Sata(0x0,0x0,0x0)\HD(1,GPT,4229A789-5588-400D-845E-CECDBA69B9F3,0x28,0x64000)
0:377  0:000  Using embedded font: Success
0:378  0:000  === [ GetMacAddress ] =====================================
0:378  0:000  === [ ScanSPD ] ===========================================
0:378  0:000  SMBus device : 8086 1E22 class=0C0500 status=Success
0:378  0:000  SMBus CmdReg: 0x3
0:378  0:000  Scanning SMBus [8086:1E22], mmio: 0xC0715004, ioport: 0x3040, hostc: 0x1
0:378  0:000  Slots to scan [8]...
0:379  0:000  SPD[0]: Type 11 @0x50
0:398  0:018  Not using XMP because it is not present
0:398  0:000  DDR speed 1600MHz
0:398  0:000  Slot: 0 Type 24 4096MB 1600MHz Vendor=Kingston PartNo=SNY1600S11-4G-EDEG SerialNo=060C0202060E0904
0:399  0:001  SPD[2]: Type 11 @0x52
0:418  0:018  Not using XMP because it is not present
0:418  0:000  DDR speed 1600MHz
0:418  0:000  Slot: 2 Type 24 4096MB 1600MHz Vendor=Samsung PartNo=M471B5273CH0-YK0 SerialNo=09060C060F010307
0:418  0:000  === [ GetAcpiTablesList ] =================================
0:459  0:040  Get Acpi Tables List from RSDT:
0:459  0:000   - [00]: FACP  VAIO len=268
0:459  0:000   - [01]: UEFI  VAIO len=566
0:459  0:000   - [02]: ASF!  VAIO len=165
0:459  0:000   - [03]: HPET  VAIO len=56
0:459  0:000   - [04]: APIC  VAIO len=140
0:459  0:000   - [05]: MCFG  VAIO len=60
0:459  0:000   - [06]: WDAT  VAIO len=548
0:459  0:000   - [07]: BOOT  VAIO len=40
0:459  0:000   - [08]: ASPT  VAIO len=52
0:459  0:000   - [09]: DBGP  VAIO len=52
0:459  0:000   - [10]: FPDT  VAIO len=68
0:459  0:000   - [11]: MSDM  VAIO len=85
0:459  0:000   - [12]: SSDT  VAIO len=2276
0:459  0:000   - [13]: SSDT  VAIO len=2706
0:459  0:000   - [14]: BGRT  VAIO len=56
0:459  0:000  Calibrated TSC Frequency = 2394563344 = 2394MHz
0:459  0:000  === [ GetUserSettings ] ===================================
0:459  0:000  USB FixOwnership: yes
0:459  0:000  Dropping 2 tables:
0:459  0:000   - [00]: Drop table  signature="#MCF" (46434D23)
0:459  0:000           - set table: 46434D23,                0 to drop: no
0:459  0:000   - [01]: Drop table  signature="DMAR" (52414D44)
0:459  0:000           - set table: 52414D44,                0 to drop: no
0:459  0:000   - final DSDT Fix mask=00088001
0:459  0:000  PatchesDSDT: 3 requested
0:459  0:000   - [00]: (change _OSI to XOSI) lenToFind: 4, lenToReplace: 4, Target Bridge: <null string>
0:459  0:000    patch disabled at config
0:459  0:000   - [01]: (change EHC1 to EH01) lenToFind: 4, lenToReplace: 4, Target Bridge: <null string>
0:459  0:000   - [02]: (change EHC2 to EH02) lenToFind: 4, lenToReplace: 4, Target Bridge: <null string>
0:459  0:000  PluginType: 1
0:459  0:000  Using ProductName from config: MacBookPro9,2
0:459  0:000  Using latest BiosVersion from config
0:459  0:000  BiosVersion: MBP91.88Z.F000.B00.1904162041
0:459  0:000  BiosReleaseDate: 04/16/2019
0:459  0:000  Using EfiVersion from config: 226.0.0.0.0
0:459  0:000  Using FirmwareFeatures from config: 0xC00DE137
0:459  0:000  Using FirmwareFeaturesMask from config: 0xFF1FFF3F
0:459  0:000  Board-ID set from config as Mac-6F01561E16C75D06
0:459  0:000  BoardType: 0xA
0:459  0:000  ChassisType: 0xA
0:459  0:000  === [ Found DSDT tables ] =================================
0:459  0:000  - DSDT.aml
0:539  0:079  === [ ScanVolumes ] =======================================
0:539  0:000  Found 8 volumes with blockIO
0:539  0:000  - [00]: Volume: PciRoot(0x0)\Pci(0x1F,0x2)\Sata(0x0,0x0,0x0)
0:539  0:000  - [01]: Volume: PciRoot(0x0)\Pci(0x1F,0x2)\Sata(0x0,0x0,0x0)\HD(1,GPT,4229A789-5588-400D-845E-CECDBA69B9F3,0x28,0x64000)
0:539  0:000          Result of bootcode detection: bootable unknown (legacy)
0:540  0:001          This is SelfVolume !!
0:540  0:000  - [02]: Volume: PciRoot(0x0)\Pci(0x1F,0x2)\Sata(0x0,0x0,0x0)\HD(2,GPT,6614FF18-A134-4396-A9AE-2330600C915E,0x64028,0x1BEC0460)
0:541  0:000          Result of bootcode detection: bootable unknown (legacy)
0:541  0:000  - [03]: Volume: PciRoot(0x0)\Pci(0x1F,0x2)\Sata(0x4,0x0,0x0)
0:541  0:000          Found optical drive
0:541  0:000  - [04]: Volume: PciRoot(0x0)\Pci(0x1F,0x2)\Sata(0x0,0x0,0x0)\HD(2,GPT,6614FF18-A134-4396-A9AE-2330600C915E,0x64028,0x1BEC0460)\VenMedia(BE74FCF7-0B7C-49F3-9147-01F4042E6842,3DD2798445A03442BA907F7616767A32)
0:541  0:000  - [05]: Volume: PciRoot(0x0)\Pci(0x1F,0x2)\Sata(0x0,0x0,0x0)\HD(2,GPT,6614FF18-A134-4396-A9AE-2330600C915E,0x64028,0x1BEC0460)\VenMedia(BE74FCF7-0B7C-49F3-9147-01F4042E6842,2C61EB7AC75BE14BB34781F5D6FA2D16)
0:541  0:000  - [06]: Volume: PciRoot(0x0)\Pci(0x1F,0x2)\Sata(0x0,0x0,0x0)\HD(2,GPT,6614FF18-A134-4396-A9AE-2330600C915E,0x64028,0x1BEC0460)\VenMedia(BE74FCF7-0B7C-49F3-9147-01F4042E6842,C46D6E008441264BA5EB52FC3A0051C7)
0:541  0:000  - [07]: Volume: PciRoot(0x0)\Pci(0x1F,0x2)\Sata(0x0,0x0,0x0)\HD(2,GPT,6614FF18-A134-4396-A9AE-2330600C915E,0x64028,0x1BEC0460)\VenMedia(BE74FCF7-0B7C-49F3-9147-01F4042E6842,75D52EC4A6EA024185E781CC5F4562FA)
0:541  0:000  PutNvramPlistToRtVars: nvram.plist not found
0:541  0:000  === [ InitTheme ] =========================================
0:541  0:000   using embedded theme
0:542  0:000  Using embedded font: Success
0:542  0:000  theme inited
0:542  0:000  Chosen embedded theme
0:542  0:000  found boot-args in NVRAM:, size=1
0:542  0:000  after NVRAM boot-args=slide=0 dart=0 nv_disable=1 kext-dev-mode=1 -lilubeta
0:542  0:000  === [ Dump SMC keys from NVRAM ] ==========================
0:542  0:000  found AppleSMC protocol
0:542  0:000  Registered 18 SMC keys
0:542  0:000  === [ AddCustomEntries ] ==================================
0:542  0:000  Custom entry 0 skipped because it is disabled.
0:542  0:000  === [ ScanLoader ] ========================================
0:542  0:000  - [01]: 'EFI'
0:543  0:000          AddLoaderEntry for Volume Name=EFI
0:543  0:000          skipped because entry is hidden
0:543  0:000  - [04]: 'Preboot'
0:543  0:000          AddLoaderEntry for Volume Name=Preboot
0:543  0:000      Not match custom entry 0: Type: not match
0:544  0:000      hibernated: set as never
0:546  0:001          AddLoaderEntry for Volume Name=Preboot
0:546  0:000      Not match custom entry 0: Type: not match
0:547  0:000  - [05]: 'VM'
0:547  0:000  - [06]: 'Recovery'
0:547  0:000          AddLoaderEntry for Volume Name=Recovery
0:547  0:000      Not match custom entry 0: Type: not match
0:548  0:001  - [07]: 'macOS'
0:557  0:009          AddLoaderEntry for Volume Name=macOS
0:557  0:000      Not match custom entry 0: Type: not match
0:560  0:002      hibernated: set as never
0:563  0:002          AddLoaderEntry for Volume Name=macOS
0:563  0:000          skipped because entry is hidden
0:563  0:000  Scanning legacy ...
0:563  0:000  === [ AddCustomTool ] =====================================
0:563  0:000  found tool \EFI\CLOVER\tools\Shell64U.efi
0:563  0:000  Checking EFI partition Volume 1 for Clover
0:563  0:000   Found Clover
0:564  0:000  EmuVariable UninstallEmulation: CloseEvent = Success, original var services restored
0:564  0:000  EmuVariable InstallEmulation: orig vars copied, emu.var.services installed, CreateEvent VirtualAddressChange = Success, CreateEvent ExitBootServices = Success, set Status=Success
0:583  0:018  === [ GetEfiBootDeviceFromNvram ] =========================
0:583  0:000  Default boot entry not found
0:583  0:000  EmuVariable UninstallEmulation: CloseEvent = Success, original var services restored
0:583  0:000  DefaultIndex=-1 and MainMenu.EntryCount=10
0:583  0:000  not run anime
15:084  14:501  GUI ready
18:716  3:631  Boot option Boot0000 not found
18:716  0:000  === [ StartLoader ] =======================================
18:716  0:000  Finally: ExternalClock=25MHz BusSpeed=99774kHz CPUFreq=2395MHz PIS: hw.busfrequency=100000000Hz
18:716  0:000  Loading boot.efi  status=Success
18:760  0:044  GetOSVersion: 10.14.5 (18F132)
18:760  0:000  CSR_CFG: CSR_ALLOW_UNTRUSTED_KEXTS | CSR_ALLOW_UNRESTRICTED_FS | CSR_ALLOW_TASK_FOR_PID | CSR_ALLOW_KERNEL_DEBUGGER | CSR_ALLOW_APPLE_INTERNAL | CSR_ALLOW_UNRESTRICTED_DTRACE | CSR_ALLOW_UNRESTRICTED_NVRAM | CSR_ALLOW_DEVICE_CONFIGURATION | CSR_ALLOW_ANY_RECOVERY_
18:760  0:000  Filtering KextPatches:
18:760  0:000   - [00]: IOAHCIBlockStorage (Enable TRIM for SSD) :: BinPatch :: [OS: 10.14.5 | MatchOS: All | MatchBuild: All] ==> allowed
18:760  0:000   - [01]: IOGraphicsFamily (Boot graphics glitch, 10.10.2/10.10.3) :: BinPatch :: [OS: 10.14.5 | MatchOS: All | MatchBuild: All] ==> allowed
18:760  0:000   - [02]: IOGraphicsFamily (Boot graphics glitch, 10.10.x/10.11.x (credit lisai9093, cecekpawon)) :: BinPatch :: [OS: 10.14.5 | MatchOS: All | MatchBuild: All] ==> allowed
18:760  0:000   - [03]: com.apple.driver.AppleIntelFramebufferCapri (HDMI-audio HD4000 0x01660003, port 0304) :: BinPatch :: [OS: 10.14.5 | MatchOS: All | MatchBuild: All] ==> allowed
18:760  0:000   - [04]: com.apple.driver.AppleIntelFramebufferCapri (HDMI-audio HD4000 0x01660003, port 0205) :: BinPatch :: [OS: 10.14.5 | MatchOS: All | MatchBuild: All] ==> allowed
18:760  0:000   - [05]: com.apple.driver.AppleIntelFramebufferCapri (HDMI-audio HD4000 0x01660003, port 0406) :: BinPatch :: [OS: 10.14.5 | MatchOS: All | MatchBuild: All] ==> allowed
18:760  0:000   - [06]: com.apple.driver.AppleBacklight (change F%uT%04x to F%uTxxxx in AppleBacklightInjector.kext (credit RehabMan)) :: BinPatch :: [OS: 10.14.5 | MatchOS: All | MatchBuild: All] ==> allowed
18:760  0:000  Will not patch boot.efi
18:760  0:000  EmuVariable InstallEmulation: orig vars copied, emu.var.services installed, CreateEvent VirtualAddressChange = Success, CreateEvent ExitBootServices = Success, set Status=Success
18:778  0:018  === [ PatchSmbios ] =======================================
18:778  0:000  insert table 9 for dev 0:0
18:778  0:000  insert table 9 for dev 0:0
18:778  0:000  Trusting SMBIOS...
18:778  0:000  Detected alternating SMBIOS channel banks
18:778  0:000  Channels: 2
18:778  0:000  Interleave: 0 2 1 3 4 6 5 7 8 10 9 11 12 14 13 15 16 18 17 19 20 22 21 23
18:778  0:000   partNum unknown
18:778  0:000  SMBIOS Type 17 Index = 0 => 0 0:
18:779  0:000  BANK 0 DIMM0 18756MHz 4096MB
18:779  0:000   partNum unknown
18:779  0:000  SMBIOS Type 17 Index = 1 => 1 2:
18:779  0:000  BANK 1 DIMM0 18756MHz 4096MB
18:779  0:000  mTotalSystemMemory = 8192
18:779  0:000  NumberOfMemoryDevices = 2
18:779  0:000  Type20[0]->End = 0x3FFFFF, Type17[0] = 0x1000
18:779  0:000  Type20[1]->End = 0x7FFFFF, Type17[1] = 0x3000
18:779  0:000  === [ PatchACPI ] =========================================
18:779  0:000  Xsdt reallocation done
18:779  0:000  old FADT length=10C
18:779  0:000   SignatureFixup: 0x0 -> 0x0
18:779  0:000  DSDT found in Clover volume OEM folder: EFI\CLOVER\ACPI\patched\DSDT.aml
18:780  0:000  Apply DsdtFixMask=0x00088001
18:780  0:000     drop _DSM mask=0x0000
18:780  0:000  === [ FixBiosDsdt ] =======================================
18:780  0:000  VideoCard devID=0x1668086
18:780  0:000  DisplayADR1[0] = 0x20000, DisplayADR2[0] = 0xFFFE
18:780  0:000  USBADR[0] = 0x140000 and PCIe = 0xFFFE
18:780  0:000  USBADR[1] = 0x1A0000 and PCIe = 0xFFFE
18:780  0:000  Audio HDA (addr:0x1B0000) setting specified layout-id=3 (0x3)
18:780  0:000  Found Airport Atheros at 0x1C0000, 0x0, DeviceID=0x0032
18:780  0:000  USBADR[2] = 0x1D0000 and PCIe = 0xFFFE
18:780  0:000  Patching DSDT:
18:780  0:000   - [change _OSI to XOSI]: disabled
18:780  0:000   - [change EHC1 to EH01]: pattern 45484331, patched at: [ (4E9A) (911) ]
18:780  0:000   - [change EHC2 to EH02]: pattern 45484332, patched at: [ (4EAC) (F43) ]
18:780  0:000    0 replacements
18:780  0:000  first CPU found at 48BA offset 48BD
18:780  0:000  score candidate at 48B6
18:780  0:000  score inserted in acpi_cpu_score _PR_
18:780  0:000  Found ACPI CPU: CPU0 | CPU1 | CPU2 | CPU3 | CPU4 | CPU5 | CPU6 | CPU7 , within the score: _PR_
18:781  0:000  patch HDEF in DSDT 
18:781  0:000  Start HDA Fix
18:781  0:000  found HDA device NAME(_ADR,0x001B0000) And Name is HDEF
18:781  0:000  NewName HDEF already present, renaming impossible
18:781  0:000  device (IMEI) found at 4076, don't add!
18:781  0:000  PreCleanup XSDT: count=15, length=156
18:781  0:000  PreCleanup XSDT, corrected XSDT: count=15, length=156
18:781  0:000  === [ ACPIDropTables ] ====================================
18:781  0:000  0. [change _OSI to XOSI]: disabled
18:781  0:000  1. [change EHC1 to EH01]: pattern 45484331, bin not found / already patched!
18:781  0:000  2. [change EHC2 to EH02]: pattern 45484332, bin not found / already patched!
18:781  0:000    0 replacements
18:781  0:000  0. [change _OSI to XOSI]: disabled
18:781  0:000  1. [change EHC1 to EH01]: pattern 45484331, bin not found / already patched!
18:781  0:000  2. [change EHC2 to EH02]: pattern 45484332, bin not found / already patched!
18:781  0:000    0 replacements
18:781  0:000  Found OperationRegion(PPMT, SystemMemory, AAFBCF18, ...)
18:781  0:000  === [ ACPIPatchedAML ] ====================================
18:781  0:000  Sorted
18:781  0:000  Inserting table[0]:SSDT.aml from EFI\CLOVER\ACPI\patched: size=1548 ... Success
18:782  0:000  Inserting table[1]:SSDT-0.aml from EFI\CLOVER\ACPI\patched: ... Not Found
18:783  0:000  Inserting table[2]:SSDT-1.aml from EFI\CLOVER\ACPI\patched: ... Not Found
18:783  0:000  Inserting table[3]:SSDT-2.aml from EFI\CLOVER\ACPI\patched: ... Not Found
18:783  0:000  Inserting table[4]:SSDT-3.aml from EFI\CLOVER\ACPI\patched: ... Not Found
18:783  0:000  Inserting table[5]:SSDT-4.aml from EFI\CLOVER\ACPI\patched: ... Not Found
18:783  0:000  Inserting table[6]:SSDT-5.aml from EFI\CLOVER\ACPI\patched: ... Not Found
18:783  0:000  Inserting table[7]:SSDT-6.aml from EFI\CLOVER\ACPI\patched: ... Not Found
18:783  0:000  Inserting table[8]:SSDT-7.aml from EFI\CLOVER\ACPI\patched: ... Not Found
18:783  0:000  Inserting table[9]:SSDT-8.aml from EFI\CLOVER\ACPI\patched: ... Not Found
18:783  0:000  Inserting table[10]:SSDT-9.aml from EFI\CLOVER\ACPI\patched: ... Not Found
18:783  0:000  Inserting table[11]:SSDT-10.aml from EFI\CLOVER\ACPI\patched: ... Not Found
18:783  0:000  Inserting table[12]:SSDT-11.aml from EFI\CLOVER\ACPI\patched: ... Not Found
18:783  0:000  Inserting table[13]:SSDT-12.aml from EFI\CLOVER\ACPI\patched: ... Not Found
18:783  0:000  Inserting table[14]:SSDT-13.aml from EFI\CLOVER\ACPI\patched: ... Not Found
18:783  0:000  Inserting table[15]:SSDT-14.aml from EFI\CLOVER\ACPI\patched: ... Not Found
18:783  0:000  Inserting table[16]:SSDT-15.aml from EFI\CLOVER\ACPI\patched: ... Not Found
18:783  0:000  Inserting table[17]:SSDT-16.aml from EFI\CLOVER\ACPI\patched: ... Not Found
18:783  0:000  Inserting table[18]:SSDT-17.aml from EFI\CLOVER\ACPI\patched: ... Not Found
18:783  0:000  Inserting table[19]:SSDT-18.aml from EFI\CLOVER\ACPI\patched: ... Not Found
18:783  0:000  Inserting table[20]:SSDT-19.aml from EFI\CLOVER\ACPI\patched: ... Not Found
18:783  0:000  Inserting table[21]:SSDT-XOSI.aml from EFI\CLOVER\ACPI\patched: ... Not Found
18:783  0:000  Inserting table[22]:SSDT-LPC.aml from EFI\CLOVER\ACPI\patched: ... Not Found
18:783  0:000  CPUBase=0 and ApicCPUBase=1 ApicCPUNum=8
18:783  0:000  Maximum control=0x18
18:783  0:000  P-States: min 0x7, max 0x18
18:783  0:000  SSDT with plugin-type without P-States is generated
18:783  0:000  Cleanup XSDT: count=17, length=172
18:783  0:000  corrected XSDT count=17, length=172
18:783  0:000  === [ RestSetup macOS ] ===================================
18:783  0:000  EdidDiscovered size=128
18:783  0:000  --- Discovered EDID Table size:128
18:783  0:000  000  |  00  FF  FF  FF  FF  FF  FF  00  4C  A3
18:783  0:000  010  |  41  35  00  00  00  00  00  15  01  03
18:783  0:000  020  |  80  22  13  78  0A  09  25  92  57  54
18:783  0:000  030  |  8F  29  22  50  54  00  00  00  01  01
18:783  0:000  040  |  01  01  01  01  01  01  01  01  01  01
18:783  0:000  050  |  01  01  01  01  41  1C  56  A0  50  00
18:783  0:000  060  |  16  30  30  20  25  00  58  C2  10  00
18:783  0:000  070  |  00  19  00  00  00  0F  00  00  00  00
18:783  0:000  080  |  00  00  00  00  00  1E  B4  02  74  00
18:783  0:000  090  |  00  00  00  FE  00  53  41  4D  53  55
18:783  0:000  100  |  4E  47  0A  20  20  20  20  20  00  00
18:783  0:000  110  |  00  FE  00  31  35  36  41  54  32  30
18:783  0:000  120  |  2D  53  30  31  0A  20  00  FE
18:783  0:000      ProductID = 0x3541 changed to 0x9C7C
18:783  0:000  --- Patched EDID Table size:128
18:783  0:000  000  |  00  FF  FF  FF  FF  FF  FF  00  4C  A3
18:783  0:000  010  |  7C  9C  00  00  00  00  00  15  01  03
18:783  0:000  020  |  80  22  13  78  0A  09  25  92  57  54
18:783  0:000  030  |  8F  29  22  50  54  00  00  00  01  01
18:783  0:000  040  |  01  01  01  01  01  01  01  01  01  01
18:783  0:000  050  |  01  01  01  01  41  1C  56  A0  50  00
18:783  0:000  060  |  16  30  30  20  25  00  58  C2  10  00
18:783  0:000  070  |  00  19  00  00  00  0F  00  00  00  00
18:783  0:000  080  |  00  00  00  00  00  1E  B4  02  74  00
18:783  0:000  090  |  00  00  00  FE  00  53  41  4D  53  55
18:783  0:000  100  |  4E  47  0A  20  20  20  20  20  00  00
18:783  0:000  110  |  00  FE  00  31  35  36  41  54  32  30
18:783  0:000  120  |  2D  53  30  31  0A  20  00  5C
18:783  0:000  Intel HD Graphics 4000 [8086:0166] :: PciRoot(0x0)\Pci(0x2,0x0)
18:783  0:000    Found Full Wide XGA Display - 16:9 :: Width=1366 Height=768
18:783  0:000    IntelHDMI: used
18:783  0:000    AAPL00,override-no-connect: added
18:783  0:000    Beginning DualLink auto-detection
18:783  0:000    Low Resolution Display
18:783  0:000    AAPL00,DualLink: not used
18:783  0:000    FakeID Intel GFX: not set
18:783  0:000    ig-platform-id = 0x01660003
18:783  0:000    Beginning Intel GFX auto-detection with ACPI injection
18:783  0:000    Found FakeID Intel GFX = 0x01668086
18:783  0:000  Intel GFX revision  = 0x9
18:783  0:000   setting specified layout-id=3 (0x3)
18:783  0:000  stringlength = 3350
18:783  0:000  CurrentMode: Width=1366 Height=768
18:783  0:000  Beginning FSInjection
FSInjectionInstall ...
- Our FSI_SIMPLE_FILE_SYSTEM_PROTOCOL installed on handle: A8545A18
FSInjectionInstall ...
- Our FSI_SIMPLE_FILE_SYSTEM_PROTOCOL installed on handle: A8545A18
18:784  0:000  Use origin smbios table type 1 guid.
18:785  0:001    Force kext: System\Library\Extensions\IONetworkingFamily.kext
18:793  0:007      Force PlugIn kext: System\Library\Extensions\IONetworkingFamily.kext\Contents\PlugIns\nvenet.kext
18:796  0:002      Force PlugIn kext: System\Library\Extensions\IONetworkingFamily.kext\Contents\PlugIns\AppleEthernetAquantiaAqtion.kext
18:798  0:002      Force PlugIn kext: System\Library\Extensions\IONetworkingFamily.kext\Contents\PlugIns\AppleBCM5701Ethernet.kext
18:802  0:003      Force PlugIn kext: System\Library\Extensions\IONetworkingFamily.kext\Contents\PlugIns\AppleIntelI210Ethernet.kext
18:804  0:002      Force PlugIn kext: System\Library\Extensions\IONetworkingFamily.kext\Contents\PlugIns\Intel82574L.kext
18:806  0:002      Force PlugIn kext: System\Library\Extensions\IONetworkingFamily.kext\Contents\PlugIns\IOEthernetAVBController.kext
18:808  0:001      Force PlugIn kext: System\Library\Extensions\IONetworkingFamily.kext\Contents\PlugIns\AppleYukon2.kext
18:813  0:005      Force PlugIn kext: System\Library\Extensions\IONetworkingFamily.kext\Contents\PlugIns\AppleEthernetAquantiaAqtionFirmware.kext
18:817  0:004      Force PlugIn kext: System\Library\Extensions\IONetworkingFamily.kext\Contents\PlugIns\AppleIntel8254XEthernet.kext
18:819  0:001      Force PlugIn kext: System\Library\Extensions\IONetworkingFamily.kext\Contents\PlugIns\AppleVmxnet3Ethernet.kext
18:821  0:001      Force PlugIn kext: System\Library\Extensions\IONetworkingFamily.kext\Contents\PlugIns\mDNSOffloadUserClient.kext
18:822  0:001  Preparing kexts injection for arch=x86_64 from EFI\CLOVER\kexts\Other
18:822  0:000  Extra kext: EFI\CLOVER\kexts\Other\SMCSuperIO.kext (v.1.0.3)
18:824  0:001  Extra kext: EFI\CLOVER\kexts\Other\SMCProcessor.kext (v.1.0.3)
18:826  0:001  Extra kext: EFI\CLOVER\kexts\Other\SMCLightSensor.kext (v.1)
18:827  0:001  Extra kext: EFI\CLOVER\kexts\Other\SMCBatteryManager.kext (v.1)
18:829  0:001  Extra kext: EFI\CLOVER\kexts\Other\VirtualSMC.kext (v.1.0.3)
18:833  0:004  Extra kext: EFI\CLOVER\kexts\Other\WhateverGreen.kext (v.1.2.8)
18:844  0:010  Extra kext: EFI\CLOVER\kexts\Other\Lilu.kext (v.1.3.5)
18:845  0:001  Extra kext: EFI\CLOVER\kexts\Other\AppleALC.kext (v.1.3.7)
18:887  0:042  Extra kext: EFI\CLOVER\kexts\Other\FakeSMC.kext (v.4.2.0)
18:889  0:001  Preparing kexts injection for arch=x86_64 from EFI\CLOVER\kexts\10.14
18:889  0:000  Extra kext: EFI\CLOVER\kexts\10.14\AppleALC.kext (v.1.3.9)
18:935  0:045  Extra kext: EFI\CLOVER\kexts\10.14\SMCBatteryManager.kext (v.1)
18:937  0:002  Extra kext: EFI\CLOVER\kexts\10.14\VirtualSMC.kext (v.1.0.5)
18:941  0:003  Extra kext: EFI\CLOVER\kexts\10.14\FakeSMC.kext (v.1800)
18:944  0:003  Extra kext: EFI\CLOVER\kexts\10.14\Lilu.kext (v.1.3.7)
18:946  0:001  Extra kext: EFI\CLOVER\kexts\10.14\WhateverGreen.kext (v.1.3.0)
18:966  0:020  SetScreenResolution: 1366x768 - already set
18:984  0:017  Custom boot is disabled
18:984  0:000  Closing log
